<?xml version="1.0" encoding="utf-8"?><testsuites name="pytest tests"><testsuite name="pytest" errors="0" failures="0" skipped="0" tests="17" time="3.639" timestamp="2026-06-06T09:09:50.429193+00:00" hostname="agent-env-3c1ef94d-e0c8-4541-91b5-d4c8924ab385"><testcase classname="backend.tests.test_etsywatch" name="test_root" time="0.314" /><testcase classname="backend.tests.test_etsywatch" name="test_signup_new_user" time="0.104" /><testcase classname="backend.tests.test_etsywatch" name="test_signup_existing_returns_new_false" time="0.139" /><testcase classname="backend.tests.test_etsywatch" name="test_me_with_header" time="0.101" /><testcase classname="backend.tests.test_etsywatch" name="test_me_without_header" time="0.104" /><testcase classname="backend.tests.test_etsywatch" name="test_add_valid_etsy_listing" time="0.267" /><testcase classname="backend.tests.test_etsywatch" name="test_add_non_etsy_rejected" time="0.102" /><testcase classname="backend.tests.test_etsywatch" name="test_get_listings_user_a" time="0.131" /><testcase classname="backend.tests.test_etsywatch" name="test_free_plan_limit" time="0.465" /><testcase classname="backend.tests.test_etsywatch" name="test_multitenancy_user_b_cannot_see_user_a_listings" time="0.217" /><testcase classname="backend.tests.test_etsywatch" name="test_check_now" time="0.334" /><testcase classname="backend.tests.test_etsywatch" name="test_delete_listing_cascades" time="0.307" /><testcase classname="backend.tests.test_etsywatch" name="test_get_settings" time="0.098" /><testcase classname="backend.tests.test_etsywatch" name="test_update_settings" time="0.207" /><testcase classname="backend.tests.test_etsywatch" name="test_evidence_empty_for_user_b" time="0.138" /><testcase classname="backend.tests.test_etsywatch" name="test_evidence_download_404" time="0.110" /><testcase classname="backend.tests.test_etsywatch" name="test_cleanup" time="0.390" /></testsuite></testsuites>